<?xml version="1.0" encoding="utf-8"?><testsuites name="pytest tests"><testsuite name="pytest" errors="0" failures="0" skipped="0" tests="17" time="28.159" timestamp="2026-06-22T13:08:39.491830+00:00" hostname="agent-env-851c010f-4ce2-4ba6-b0ee-b921310ae3a8"><testcase classname="backend.tests.backend_test" name="test_root_service_info" time="0.318" /><testcase classname="backend.tests.backend_test" name="test_skills_list" time="0.057" /><testcase classname="backend.tests.backend_test" name="test_clear_facts_before_chat" time="0.061" /><testcase classname="backend.tests.backend_test" name="test_chat_simple_greeting" time="2.458" /><testcase classname="backend.tests.backend_test" name="test_chat_invokes_get_current_time" time="3.469" /><testcase classname="backend.tests.backend_test" name="test_chat_invokes_calculate" time="3.319" /><testcase classname="backend.tests.backend_test" name="test_chat_remember_fact" time="4.162" /><testcase classname="backend.tests.backend_test" name="test_chat_recall_fact_same_session" time="7.793" /><testcase classname="backend.tests.backend_test" name="test_get_conversation_flattened" time="0.055" /><testcase classname="backend.tests.backend_test" name="test_add_fact_manual" time="0.097" /><testcase classname="backend.tests.backend_test" name="test_add_fact_empty_rejected" time="0.047" /><testcase classname="backend.tests.backend_test" name="test_clear_all_facts" time="0.102" /><testcase classname="backend.tests.backend_test" name="test_delete_conversation" time="0.100" /><testcase classname="backend.tests.backend_test" name="test_chat_tts" time="1.395" /><testcase classname="backend.tests.backend_test" name="test_chat_tts_empty_text_rejected" time="0.047" /><testcase classname="backend.tests.backend_test" name="test_agent_download_zip" time="0.066" /><testcase classname="backend.tests.backend_test" name="test_chat_enabled_tools_filter" time="4.521" /></testsuite></testsuites>